25/11/11 08:59:02 INFO SparkContext: Running Spark version 3.3.1
25/11/11 08:59:02 WARN NativeCodeLoader: Unable to load native-hadoop library for your platform... using builtin-java classes where applicable
25/11/11 08:59:02 INFO ResourceUtils: ==============================================================
25/11/11 08:59:02 INFO ResourceUtils: No custom resources configured for spark.driver.
25/11/11 08:59:02 INFO ResourceUtils: ==============================================================
25/11/11 08:59:02 INFO SparkContext: Submitted application: TemperatureAverage
25/11/11 08:59:02 INFO ResourceProfile: Default ResourceProfile created, executor resources: Map(cores -> name: cores, amount: 2, script: , vendor: , memory -> name: memory, amount: 4096, script: , vendor: , offHeap -> name: offHeap, amount: 0, script: , vendor: ), task resources: Map(cpus -> name: cpus, amount: 1.0)
25/11/11 08:59:02 INFO ResourceProfile: Limiting resource is cpus at 2 tasks per executor
25/11/11 08:59:02 INFO ResourceProfileManager: Added ResourceProfile id: 0
25/11/11 08:59:03 INFO SecurityManager: Changing view acls to: ubuntu
25/11/11 08:59:03 INFO SecurityManager: Changing modify acls to: ubuntu
25/11/11 08:59:03 INFO SecurityManager: Changing view acls groups to: 
25/11/11 08:59:03 INFO SecurityManager: Changing modify acls groups to: 
25/11/11 08:59:03 INFO SecurityManager: SecurityManager: authentication disabled; ui acls disabled; users  with view permissions: Set(ubuntu); groups with view permissions: Set(); users  with modify permissions: Set(ubuntu); groups with modify permissions: Set()
25/11/11 08:59:03 INFO Utils: Successfully started service 'sparkDriver' on port 37993.
25/11/11 08:59:03 INFO SparkEnv: Registering MapOutputTracker
25/11/11 08:59:03 INFO SparkEnv: Registering BlockManagerMaster
25/11/11 08:59:03 INFO BlockManagerMasterEndpoint: Using org.apache.spark.storage.DefaultTopologyMapper for getting topology information
25/11/11 08:59:03 INFO BlockManagerMasterEndpoint: BlockManagerMasterEndpoint up
25/11/11 08:59:03 INFO SparkEnv: Registering BlockManagerMasterHeartbeat
25/11/11 08:59:03 INFO DiskBlockManager: Created local directory at /tmp/blockmgr-5d2ac234-3f01-4db9-9a9a-51a72f193b67
25/11/11 08:59:03 INFO MemoryStore: MemoryStore started with capacity 2004.6 MiB
25/11/11 08:59:03 INFO SparkEnv: Registering OutputCommitCoordinator
25/11/11 08:59:04 INFO Utils: Successfully started service 'SparkUI' on port 4040.
25/11/11 08:59:04 INFO StandaloneAppClient$ClientEndpoint: Connecting to master spark://172.31.87.118:7077...
25/11/11 08:59:04 INFO TransportClientFactory: Successfully created connection to /172.31.87.118:7077 after 62 ms (0 ms spent in bootstraps)
25/11/11 08:59:05 INFO StandaloneSchedulerBackend: Connected to Spark cluster with app ID app-20251111085904-0000
25/11/11 08:59:05 INFO Utils: Successfully started service 'org.apache.spark.network.netty.NettyBlockTransferService' on port 33991.
25/11/11 08:59:05 INFO NettyBlockTransferService: Server created on ip-172-31-87-118.ec2.internal:33991
25/11/11 08:59:05 INFO BlockManager: Using org.apache.spark.storage.RandomBlockReplicationPolicy for block replication policy
25/11/11 08:59:05 INFO BlockManagerMaster: Registering BlockManager BlockManagerId(driver, ip-172-31-87-118.ec2.internal, 33991, None)
25/11/11 08:59:05 INFO BlockManagerMasterEndpoint: Registering block manager ip-172-31-87-118.ec2.internal:33991 with 2004.6 MiB RAM, BlockManagerId(driver, ip-172-31-87-118.ec2.internal, 33991, None)
25/11/11 08:59:05 INFO BlockManagerMaster: Registered BlockManager BlockManagerId(driver, ip-172-31-87-118.ec2.internal, 33991, None)
25/11/11 08:59:05 INFO StandaloneAppClient$ClientEndpoint: Executor added: app-20251111085904-0000/0 on worker-20251111085108-172.31.84.72-36565 (172.31.84.72:36565) with 2 core(s)
25/11/11 08:59:05 INFO BlockManager: Initialized BlockManager: BlockManagerId(driver, ip-172-31-87-118.ec2.internal, 33991, None)
25/11/11 08:59:05 INFO StandaloneSchedulerBackend: Granted executor ID app-20251111085904-0000/0 on hostPort 172.31.84.72:36565 with 2 core(s), 4.0 GiB RAM
25/11/11 08:59:05 INFO StandaloneAppClient$ClientEndpoint: Executor added: app-20251111085904-0000/1 on worker-20251111085106-172.31.87.118-43973 (172.31.87.118:43973) with 2 core(s)
25/11/11 08:59:05 INFO StandaloneSchedulerBackend: Granted executor ID app-20251111085904-0000/1 on hostPort 172.31.87.118:43973 with 2 core(s), 4.0 GiB RAM
25/11/11 08:59:05 INFO StandaloneAppClient$ClientEndpoint: Executor updated: app-20251111085904-0000/0 is now RUNNING
25/11/11 08:59:05 INFO StandaloneAppClient$ClientEndpoint: Executor updated: app-20251111085904-0000/1 is now RUNNING
25/11/11 08:59:06 INFO StandaloneSchedulerBackend: SchedulerBackend is ready for scheduling beginning after reached minRegisteredResourcesRatio: 0.0
25/11/11 08:59:07 INFO SharedState: Setting hive.metastore.warehouse.dir ('null') to the value of spark.sql.warehouse.dir.
25/11/11 08:59:07 INFO SharedState: Warehouse path is 'file:/home/ubuntu/spark-warehouse'.
25/11/11 08:59:09 INFO CoarseGrainedSchedulerBackend$DriverEndpoint: Registered executor NettyRpcEndpointRef(spark-client://Executor) (172.31.84.72:47044) with ID 0,  ResourceProfileId 0
25/11/11 08:59:09 INFO BlockManagerMasterEndpoint: Registering block manager 172.31.84.72:34935 with 2004.6 MiB RAM, BlockManagerId(0, 172.31.84.72, 34935, None)
25/11/11 08:59:12 INFO CoarseGrainedSchedulerBackend$DriverEndpoint: Registered executor NettyRpcEndpointRef(spark-client://Executor) (172.31.87.118:59706) with ID 1,  ResourceProfileId 0
25/11/11 08:59:12 INFO InMemoryFileIndex: It took 253 ms to list leaf files for 1 paths.
25/11/11 08:59:12 INFO InMemoryFileIndex: It took 31 ms to list leaf files for 1 paths.
25/11/11 08:59:12 INFO BlockManagerMasterEndpoint: Registering block manager 172.31.87.118:35501 with 2004.6 MiB RAM, BlockManagerId(1, 172.31.87.118, 35501, None)
25/11/11 08:59:16 INFO FileSourceStrategy: Pushed Filters: 
25/11/11 08:59:16 INFO FileSourceStrategy: Post-Scan Filters: (length(trim(value#0, None)) > 0)
25/11/11 08:59:16 INFO FileSourceStrategy: Output Data Schema: struct<value: string>
25/11/11 08:59:17 INFO CodeGenerator: Code generated in 305.392971 ms
25/11/11 08:59:17 INFO MemoryStore: Block broadcast_0 stored as values in memory (estimated size 353.8 KiB, free 2004.3 MiB)
25/11/11 08:59:17 INFO MemoryStore: Block broadcast_0_piece0 stored as bytes in memory (estimated size 34.1 KiB, free 2004.2 MiB)
25/11/11 08:59:17 INFO BlockManagerInfo: Added broadcast_0_piece0 in memory on ip-172-31-87-118.ec2.internal:33991 (size: 34.1 KiB, free: 2004.6 MiB)
25/11/11 08:59:17 INFO SparkContext: Created broadcast 0 from csv at NativeMethodAccessorImpl.java:0
25/11/11 08:59:17 INFO FileSourceScanExec: Planning scan with bin packing, max size: 4194304 bytes, open cost is considered as scanning 4194304 bytes.
25/11/11 08:59:17 INFO SparkContext: Starting job: csv at NativeMethodAccessorImpl.java:0
25/11/11 08:59:18 INFO DAGScheduler: Got job 0 (csv at NativeMethodAccessorImpl.java:0) with 1 output partitions
25/11/11 08:59:18 INFO DAGScheduler: Final stage: ResultStage 0 (csv at NativeMethodAccessorImpl.java:0)
25/11/11 08:59:18 INFO DAGScheduler: Parents of final stage: List()
25/11/11 08:59:18 INFO DAGScheduler: Missing parents: List()
25/11/11 08:59:18 INFO DAGScheduler: Submitting ResultStage 0 (MapPartitionsRDD[3] at csv at NativeMethodAccessorImpl.java:0), which has no missing parents
25/11/11 08:59:18 INFO MemoryStore: Block broadcast_1 stored as values in memory (estimated size 11.8 KiB, free 2004.2 MiB)
25/11/11 08:59:18 INFO MemoryStore: Block broadcast_1_piece0 stored as bytes in memory (estimated size 5.9 KiB, free 2004.2 MiB)
25/11/11 08:59:18 INFO BlockManagerInfo: Added broadcast_1_piece0 in memory on ip-172-31-87-118.ec2.internal:33991 (size: 5.9 KiB, free: 2004.6 MiB)
25/11/11 08:59:18 INFO SparkContext: Created broadcast 1 from broadcast at DAGScheduler.scala:1513
25/11/11 08:59:18 INFO DAGScheduler: Submitting 1 missing tasks from ResultStage 0 (MapPartitionsRDD[3] at csv at NativeMethodAccessorImpl.java:0) (first 15 tasks are for partitions Vector(0))
25/11/11 08:59:18 INFO TaskSchedulerImpl: Adding task set 0.0 with 1 tasks resource profile 0
25/11/11 08:59:18 INFO TaskSetManager: Starting task 0.0 in stage 0.0 (TID 0) (172.31.87.118, executor 1, partition 0, ANY, 4910 bytes) taskResourceAssignments Map()
25/11/11 08:59:18 INFO BlockManagerInfo: Added broadcast_1_piece0 in memory on 172.31.87.118:35501 (size: 5.9 KiB, free: 2004.6 MiB)
25/11/11 08:59:20 INFO BlockManagerInfo: Added broadcast_0_piece0 in memory on 172.31.87.118:35501 (size: 34.1 KiB, free: 2004.6 MiB)
25/11/11 08:59:21 INFO TaskSetManager: Finished task 0.0 in stage 0.0 (TID 0) in 3640 ms on 172.31.87.118 (executor 1) (1/1)
25/11/11 08:59:21 INFO TaskSchedulerImpl: Removed TaskSet 0.0, whose tasks have all completed, from pool 
25/11/11 08:59:21 INFO DAGScheduler: ResultStage 0 (csv at NativeMethodAccessorImpl.java:0) finished in 3.842 s
25/11/11 08:59:21 INFO DAGScheduler: Job 0 is finished. Cancelling potential speculative or zombie tasks for this job
25/11/11 08:59:21 INFO TaskSchedulerImpl: Killing all running tasks in stage 0: Stage finished
25/11/11 08:59:21 INFO DAGScheduler: Job 0 finished: csv at NativeMethodAccessorImpl.java:0, took 3.929859 s
25/11/11 08:59:21 INFO CodeGenerator: Code generated in 26.159959 ms
25/11/11 08:59:22 INFO FileSourceStrategy: Pushed Filters: 
25/11/11 08:59:22 INFO FileSourceStrategy: Post-Scan Filters: 
25/11/11 08:59:22 INFO FileSourceStrategy: Output Data Schema: struct<value: string>
25/11/11 08:59:22 INFO MemoryStore: Block broadcast_2 stored as values in memory (estimated size 353.8 KiB, free 2003.9 MiB)
25/11/11 08:59:22 INFO MemoryStore: Block broadcast_2_piece0 stored as bytes in memory (estimated size 34.1 KiB, free 2003.8 MiB)
25/11/11 08:59:22 INFO BlockManagerInfo: Added broadcast_2_piece0 in memory on ip-172-31-87-118.ec2.internal:33991 (size: 34.1 KiB, free: 2004.5 MiB)
25/11/11 08:59:22 INFO SparkContext: Created broadcast 2 from csv at NativeMethodAccessorImpl.java:0
25/11/11 08:59:22 INFO FileSourceScanExec: Planning scan with bin packing, max size: 4194304 bytes, open cost is considered as scanning 4194304 bytes.
25/11/11 08:59:22 INFO SparkContext: Starting job: csv at NativeMethodAccessorImpl.java:0
25/11/11 08:59:22 INFO DAGScheduler: Got job 1 (csv at NativeMethodAccessorImpl.java:0) with 1 output partitions
25/11/11 08:59:22 INFO DAGScheduler: Final stage: ResultStage 1 (csv at NativeMethodAccessorImpl.java:0)
25/11/11 08:59:22 INFO DAGScheduler: Parents of final stage: List()
25/11/11 08:59:22 INFO DAGScheduler: Missing parents: List()
25/11/11 08:59:22 INFO DAGScheduler: Submitting ResultStage 1 (MapPartitionsRDD[9] at csv at NativeMethodAccessorImpl.java:0), which has no missing parents
25/11/11 08:59:22 INFO MemoryStore: Block broadcast_3 stored as values in memory (estimated size 24.7 KiB, free 2003.8 MiB)
25/11/11 08:59:22 INFO MemoryStore: Block broadcast_3_piece0 stored as bytes in memory (estimated size 11.7 KiB, free 2003.8 MiB)
25/11/11 08:59:22 INFO BlockManagerInfo: Added broadcast_3_piece0 in memory on ip-172-31-87-118.ec2.internal:33991 (size: 11.7 KiB, free: 2004.5 MiB)
25/11/11 08:59:22 INFO SparkContext: Created broadcast 3 from broadcast at DAGScheduler.scala:1513
25/11/11 08:59:22 INFO DAGScheduler: Submitting 1 missing tasks from ResultStage 1 (MapPartitionsRDD[9] at csv at NativeMethodAccessorImpl.java:0) (first 15 tasks are for partitions Vector(0))
25/11/11 08:59:22 INFO TaskSchedulerImpl: Adding task set 1.0 with 1 tasks resource profile 0
25/11/11 08:59:22 INFO TaskSetManager: Starting task 0.0 in stage 1.0 (TID 1) (172.31.84.72, executor 0, partition 0, ANY, 4910 bytes) taskResourceAssignments Map()
25/11/11 08:59:22 INFO BlockManagerInfo: Added broadcast_3_piece0 in memory on 172.31.84.72:34935 (size: 11.7 KiB, free: 2004.6 MiB)
25/11/11 08:59:27 INFO BlockManagerInfo: Added broadcast_2_piece0 in memory on 172.31.84.72:34935 (size: 34.1 KiB, free: 2004.6 MiB)
25/11/11 08:59:29 INFO TaskSetManager: Finished task 0.0 in stage 1.0 (TID 1) in 6744 ms on 172.31.84.72 (executor 0) (1/1)
25/11/11 08:59:29 INFO DAGScheduler: ResultStage 1 (csv at NativeMethodAccessorImpl.java:0) finished in 6.839 s
25/11/11 08:59:29 INFO DAGScheduler: Job 1 is finished. Cancelling potential speculative or zombie tasks for this job
25/11/11 08:59:29 INFO TaskSchedulerImpl: Removed TaskSet 1.0, whose tasks have all completed, from pool 
25/11/11 08:59:29 INFO TaskSchedulerImpl: Killing all running tasks in stage 1: Stage finished
25/11/11 08:59:29 INFO DAGScheduler: Job 1 finished: csv at NativeMethodAccessorImpl.java:0, took 6.852533 s
25/11/11 08:59:29 INFO BlockManagerInfo: Removed broadcast_3_piece0 on 172.31.84.72:34935 in memory (size: 11.7 KiB, free: 2004.6 MiB)
25/11/11 08:59:29 INFO FileSourceStrategy: Pushed Filters: 
25/11/11 08:59:29 INFO FileSourceStrategy: Post-Scan Filters: 
25/11/11 08:59:29 INFO FileSourceStrategy: Output Data Schema: struct<_c0: string, _c1: int>
25/11/11 08:59:29 INFO BlockManagerInfo: Removed broadcast_3_piece0 on ip-172-31-87-118.ec2.internal:33991 in memory (size: 11.7 KiB, free: 2004.5 MiB)
25/11/11 08:59:29 INFO BlockManagerInfo: Removed broadcast_0_piece0 on ip-172-31-87-118.ec2.internal:33991 in memory (size: 34.1 KiB, free: 2004.6 MiB)
25/11/11 08:59:29 INFO BlockManagerInfo: Removed broadcast_0_piece0 on 172.31.87.118:35501 in memory (size: 34.1 KiB, free: 2004.6 MiB)
25/11/11 08:59:29 INFO BlockManagerInfo: Removed broadcast_2_piece0 on ip-172-31-87-118.ec2.internal:33991 in memory (size: 34.1 KiB, free: 2004.6 MiB)
25/11/11 08:59:29 INFO BlockManagerInfo: Removed broadcast_2_piece0 on 172.31.84.72:34935 in memory (size: 34.1 KiB, free: 2004.6 MiB)
25/11/11 08:59:29 INFO BlockManagerInfo: Removed broadcast_1_piece0 on ip-172-31-87-118.ec2.internal:33991 in memory (size: 5.9 KiB, free: 2004.6 MiB)
25/11/11 08:59:29 INFO BlockManagerInfo: Removed broadcast_1_piece0 on 172.31.87.118:35501 in memory (size: 5.9 KiB, free: 2004.6 MiB)
25/11/11 08:59:29 INFO FileOutputCommitter: File Output Committer Algorithm version is 1
25/11/11 08:59:29 INFO FileOutputCommitter: FileOutputCommitter skip cleanup _temporary folders under output directory:false, ignore cleanup failures: false
25/11/11 08:59:29 INFO SQLHadoopMapReduceCommitProtocol: Using output committer class org.apache.hadoop.mapreduce.lib.output.FileOutputCommitter
25/11/11 08:59:30 INFO CodeGenerator: Code generated in 173.104036 ms
25/11/11 08:59:30 INFO MemoryStore: Block broadcast_4 stored as values in memory (estimated size 353.7 KiB, free 2004.3 MiB)
25/11/11 08:59:30 INFO MemoryStore: Block broadcast_4_piece0 stored as bytes in memory (estimated size 34.1 KiB, free 2004.2 MiB)
25/11/11 08:59:30 INFO BlockManagerInfo: Added broadcast_4_piece0 in memory on ip-172-31-87-118.ec2.internal:33991 (size: 34.1 KiB, free: 2004.6 MiB)
25/11/11 08:59:30 INFO SparkContext: Created broadcast 4 from csv at NativeMethodAccessorImpl.java:0
25/11/11 08:59:30 INFO FileSourceScanExec: Planning scan with bin packing, max size: 4194304 bytes, open cost is considered as scanning 4194304 bytes.
25/11/11 08:59:30 INFO DAGScheduler: Registering RDD 13 (csv at NativeMethodAccessorImpl.java:0) as input to shuffle 0
25/11/11 08:59:30 INFO DAGScheduler: Got map stage job 2 (csv at NativeMethodAccessorImpl.java:0) with 1 output partitions
25/11/11 08:59:30 INFO DAGScheduler: Final stage: ShuffleMapStage 2 (csv at NativeMethodAccessorImpl.java:0)
25/11/11 08:59:30 INFO DAGScheduler: Parents of final stage: List()
25/11/11 08:59:30 INFO DAGScheduler: Missing parents: List()
25/11/11 08:59:30 INFO DAGScheduler: Submitting ShuffleMapStage 2 (MapPartitionsRDD[13] at csv at NativeMethodAccessorImpl.java:0), which has no missing parents
25/11/11 08:59:30 INFO MemoryStore: Block broadcast_5 stored as values in memory (estimated size 41.4 KiB, free 2004.2 MiB)
25/11/11 08:59:30 INFO MemoryStore: Block broadcast_5_piece0 stored as bytes in memory (estimated size 19.2 KiB, free 2004.2 MiB)
25/11/11 08:59:30 INFO BlockManagerInfo: Added broadcast_5_piece0 in memory on ip-172-31-87-118.ec2.internal:33991 (size: 19.2 KiB, free: 2004.5 MiB)
25/11/11 08:59:30 INFO SparkContext: Created broadcast 5 from broadcast at DAGScheduler.scala:1513
25/11/11 08:59:30 INFO DAGScheduler: Submitting 1 missing tasks from ShuffleMapStage 2 (MapPartitionsRDD[13] at csv at NativeMethodAccessorImpl.java:0) (first 15 tasks are for partitions Vector(0))
25/11/11 08:59:30 INFO TaskSchedulerImpl: Adding task set 2.0 with 1 tasks resource profile 0
25/11/11 08:59:30 INFO TaskSetManager: Starting task 0.0 in stage 2.0 (TID 2) (172.31.84.72, executor 0, partition 0, ANY, 4899 bytes) taskResourceAssignments Map()
25/11/11 08:59:30 INFO BlockManagerInfo: Added broadcast_5_piece0 in memory on 172.31.84.72:34935 (size: 19.2 KiB, free: 2004.6 MiB)
25/11/11 08:59:30 INFO BlockManagerInfo: Added broadcast_4_piece0 in memory on 172.31.84.72:34935 (size: 34.1 KiB, free: 2004.5 MiB)
25/11/11 08:59:31 INFO TaskSetManager: Finished task 0.0 in stage 2.0 (TID 2) in 1262 ms on 172.31.84.72 (executor 0) (1/1)
25/11/11 08:59:31 INFO TaskSchedulerImpl: Removed TaskSet 2.0, whose tasks have all completed, from pool 
25/11/11 08:59:31 INFO DAGScheduler: ShuffleMapStage 2 (csv at NativeMethodAccessorImpl.java:0) finished in 1.295 s
25/11/11 08:59:31 INFO DAGScheduler: looking for newly runnable stages
25/11/11 08:59:31 INFO DAGScheduler: running: Set()
25/11/11 08:59:31 INFO DAGScheduler: waiting: Set()
25/11/11 08:59:31 INFO DAGScheduler: failed: Set()
25/11/11 08:59:31 INFO ShufflePartitionsUtil: For shuffle(0), advisory target size: 67108864, actual target size 1048576, minimum partition size: 1048576
25/11/11 08:59:31 INFO HashAggregateExec: spark.sql.codegen.aggregate.map.twolevel.enabled is set to true, but current version of codegened fast hashmap does not support this aggregate.
25/11/11 08:59:31 INFO CodeGenerator: Code generated in 30.724835 ms
25/11/11 08:59:31 INFO CodeGenerator: Code generated in 31.850402 ms
25/11/11 08:59:31 INFO SparkContext: Starting job: csv at NativeMethodAccessorImpl.java:0
25/11/11 08:59:31 INFO DAGScheduler: Got job 3 (csv at NativeMethodAccessorImpl.java:0) with 1 output partitions
25/11/11 08:59:31 INFO DAGScheduler: Final stage: ResultStage 4 (csv at NativeMethodAccessorImpl.java:0)
25/11/11 08:59:31 INFO DAGScheduler: Parents of final stage: List(ShuffleMapStage 3)
25/11/11 08:59:31 INFO DAGScheduler: Missing parents: List()
25/11/11 08:59:31 INFO DAGScheduler: Submitting ResultStage 4 (MapPartitionsRDD[18] at csv at NativeMethodAccessorImpl.java:0), which has no missing parents
25/11/11 08:59:31 INFO MemoryStore: Block broadcast_6 stored as values in memory (estimated size 43.7 KiB, free 2004.1 MiB)
25/11/11 08:59:31 INFO MemoryStore: Block broadcast_6_piece0 stored as bytes in memory (estimated size 20.5 KiB, free 2004.1 MiB)
25/11/11 08:59:31 INFO BlockManagerInfo: Added broadcast_6_piece0 in memory on ip-172-31-87-118.ec2.internal:33991 (size: 20.5 KiB, free: 2004.5 MiB)
25/11/11 08:59:31 INFO SparkContext: Created broadcast 6 from broadcast at DAGScheduler.scala:1513
25/11/11 08:59:31 INFO DAGScheduler: Submitting 1 missing tasks from ResultStage 4 (MapPartitionsRDD[18] at csv at NativeMethodAccessorImpl.java:0) (first 15 tasks are for partitions Vector(0))
25/11/11 08:59:31 INFO TaskSchedulerImpl: Adding task set 4.0 with 1 tasks resource profile 0
25/11/11 08:59:31 INFO TaskSetManager: Starting task 0.0 in stage 4.0 (TID 3) (172.31.84.72, executor 0, partition 0, NODE_LOCAL, 4457 bytes) taskResourceAssignments Map()
25/11/11 08:59:31 INFO BlockManagerInfo: Added broadcast_6_piece0 in memory on 172.31.84.72:34935 (size: 20.5 KiB, free: 2004.5 MiB)
25/11/11 08:59:31 INFO MapOutputTrackerMasterEndpoint: Asked to send map output locations for shuffle 0 to 172.31.84.72:47044
25/11/11 08:59:32 INFO TaskSetManager: Finished task 0.0 in stage 4.0 (TID 3) in 343 ms on 172.31.84.72 (executor 0) (1/1)
25/11/11 08:59:32 INFO TaskSchedulerImpl: Removed TaskSet 4.0, whose tasks have all completed, from pool 
25/11/11 08:59:32 INFO DAGScheduler: ResultStage 4 (csv at NativeMethodAccessorImpl.java:0) finished in 0.360 s
25/11/11 08:59:32 INFO DAGScheduler: Job 3 is finished. Cancelling potential speculative or zombie tasks for this job
25/11/11 08:59:32 INFO TaskSchedulerImpl: Killing all running tasks in stage 4: Stage finished
25/11/11 08:59:32 INFO DAGScheduler: Job 3 finished: csv at NativeMethodAccessorImpl.java:0, took 0.384103 s
25/11/11 08:59:32 INFO DAGScheduler: Registering RDD 19 (csv at NativeMethodAccessorImpl.java:0) as input to shuffle 1
25/11/11 08:59:32 INFO DAGScheduler: Got map stage job 4 (csv at NativeMethodAccessorImpl.java:0) with 1 output partitions
25/11/11 08:59:32 INFO DAGScheduler: Final stage: ShuffleMapStage 6 (csv at NativeMethodAccessorImpl.java:0)
25/11/11 08:59:32 INFO DAGScheduler: Parents of final stage: List(ShuffleMapStage 5)
25/11/11 08:59:32 INFO DAGScheduler: Missing parents: List()
25/11/11 08:59:32 INFO DAGScheduler: Submitting ShuffleMapStage 6 (MapPartitionsRDD[19] at csv at NativeMethodAccessorImpl.java:0), which has no missing parents
25/11/11 08:59:32 INFO MemoryStore: Block broadcast_7 stored as values in memory (estimated size 44.3 KiB, free 2004.1 MiB)
25/11/11 08:59:32 INFO MemoryStore: Block broadcast_7_piece0 stored as bytes in memory (estimated size 21.0 KiB, free 2004.0 MiB)
25/11/11 08:59:32 INFO BlockManagerInfo: Added broadcast_7_piece0 in memory on ip-172-31-87-118.ec2.internal:33991 (size: 21.0 KiB, free: 2004.5 MiB)
25/11/11 08:59:32 INFO SparkContext: Created broadcast 7 from broadcast at DAGScheduler.scala:1513
25/11/11 08:59:32 INFO DAGScheduler: Submitting 1 missing tasks from ShuffleMapStage 6 (MapPartitionsRDD[19] at csv at NativeMethodAccessorImpl.java:0) (first 15 tasks are for partitions Vector(0))
25/11/11 08:59:32 INFO TaskSchedulerImpl: Adding task set 6.0 with 1 tasks resource profile 0
25/11/11 08:59:32 INFO TaskSetManager: Starting task 0.0 in stage 6.0 (TID 4) (172.31.84.72, executor 0, partition 0, NODE_LOCAL, 4446 bytes) taskResourceAssignments Map()
25/11/11 08:59:32 INFO BlockManagerInfo: Added broadcast_7_piece0 in memory on 172.31.84.72:34935 (size: 21.0 KiB, free: 2004.5 MiB)
25/11/11 08:59:32 INFO TaskSetManager: Finished task 0.0 in stage 6.0 (TID 4) in 172 ms on 172.31.84.72 (executor 0) (1/1)
25/11/11 08:59:32 INFO TaskSchedulerImpl: Removed TaskSet 6.0, whose tasks have all completed, from pool 
25/11/11 08:59:32 INFO DAGScheduler: ShuffleMapStage 6 (csv at NativeMethodAccessorImpl.java:0) finished in 0.206 s
25/11/11 08:59:32 INFO DAGScheduler: looking for newly runnable stages
25/11/11 08:59:32 INFO DAGScheduler: running: Set()
25/11/11 08:59:32 INFO DAGScheduler: waiting: Set()
25/11/11 08:59:32 INFO DAGScheduler: failed: Set()
25/11/11 08:59:32 INFO ShufflePartitionsUtil: For shuffle(1), advisory target size: 67108864, actual target size 1048576, minimum partition size: 1048576
25/11/11 08:59:32 INFO CodeGenerator: Code generated in 27.969681 ms
25/11/11 08:59:32 INFO SparkContext: Starting job: csv at NativeMethodAccessorImpl.java:0
25/11/11 08:59:32 INFO DAGScheduler: Got job 5 (csv at NativeMethodAccessorImpl.java:0) with 1 output partitions
25/11/11 08:59:32 INFO DAGScheduler: Final stage: ResultStage 9 (csv at NativeMethodAccessorImpl.java:0)
25/11/11 08:59:32 INFO DAGScheduler: Parents of final stage: List(ShuffleMapStage 8)
25/11/11 08:59:32 INFO DAGScheduler: Missing parents: List()
25/11/11 08:59:32 INFO DAGScheduler: Submitting ResultStage 9 (MapPartitionsRDD[21] at csv at NativeMethodAccessorImpl.java:0), which has no missing parents
25/11/11 08:59:32 INFO MemoryStore: Block broadcast_8 stored as values in memory (estimated size 237.7 KiB, free 2003.8 MiB)
25/11/11 08:59:32 INFO MemoryStore: Block broadcast_8_piece0 stored as bytes in memory (estimated size 88.5 KiB, free 2003.7 MiB)
25/11/11 08:59:32 INFO BlockManagerInfo: Added broadcast_8_piece0 in memory on ip-172-31-87-118.ec2.internal:33991 (size: 88.5 KiB, free: 2004.4 MiB)
25/11/11 08:59:32 INFO SparkContext: Created broadcast 8 from broadcast at DAGScheduler.scala:1513
25/11/11 08:59:32 INFO DAGScheduler: Submitting 1 missing tasks from ResultStage 9 (MapPartitionsRDD[21] at csv at NativeMethodAccessorImpl.java:0) (first 15 tasks are for partitions Vector(0))
25/11/11 08:59:32 INFO TaskSchedulerImpl: Adding task set 9.0 with 1 tasks resource profile 0
25/11/11 08:59:32 INFO TaskSetManager: Starting task 0.0 in stage 9.0 (TID 5) (172.31.84.72, executor 0, partition 0, NODE_LOCAL, 4457 bytes) taskResourceAssignments Map()
25/11/11 08:59:32 INFO BlockManagerInfo: Added broadcast_8_piece0 in memory on 172.31.84.72:34935 (size: 88.5 KiB, free: 2004.4 MiB)
25/11/11 08:59:32 INFO MapOutputTrackerMasterEndpoint: Asked to send map output locations for shuffle 1 to 172.31.84.72:47044
25/11/11 08:59:33 INFO TaskSetManager: Finished task 0.0 in stage 9.0 (TID 5) in 1063 ms on 172.31.84.72 (executor 0) (1/1)
25/11/11 08:59:33 INFO DAGScheduler: ResultStage 9 (csv at NativeMethodAccessorImpl.java:0) finished in 1.112 s
25/11/11 08:59:33 INFO TaskSchedulerImpl: Removed TaskSet 9.0, whose tasks have all completed, from pool 
25/11/11 08:59:33 INFO DAGScheduler: Job 5 is finished. Cancelling potential speculative or zombie tasks for this job
25/11/11 08:59:33 INFO TaskSchedulerImpl: Killing all running tasks in stage 9: Stage finished
25/11/11 08:59:33 INFO DAGScheduler: Job 5 finished: csv at NativeMethodAccessorImpl.java:0, took 1.126219 s
25/11/11 08:59:33 INFO FileFormatWriter: Start to commit write Job 00cf0759-d080-4620-a82b-e7036c205e6c.
25/11/11 08:59:33 INFO FileFormatWriter: Write Job 00cf0759-d080-4620-a82b-e7036c205e6c committed. Elapsed time: 115 ms.
25/11/11 08:59:33 INFO FileFormatWriter: Finished processing stats for write job 00cf0759-d080-4620-a82b-e7036c205e6c.
25/11/11 08:59:33 INFO SparkUI: Stopped Spark web UI at http://ip-172-31-87-118.ec2.internal:4040
25/11/11 08:59:33 INFO StandaloneSchedulerBackend: Shutting down all executors
25/11/11 08:59:33 INFO CoarseGrainedSchedulerBackend$DriverEndpoint: Asking each executor to shut down
25/11/11 08:59:33 INFO MapOutputTrackerMasterEndpoint: MapOutputTrackerMasterEndpoint stopped!
25/11/11 08:59:33 INFO MemoryStore: MemoryStore cleared
25/11/11 08:59:33 INFO BlockManager: BlockManager stopped
25/11/11 08:59:33 INFO BlockManagerMaster: BlockManagerMaster stopped
25/11/11 08:59:33 INFO OutputCommitCoordinator$OutputCommitCoordinatorEndpoint: OutputCommitCoordinator stopped!
25/11/11 08:59:33 INFO SparkContext: Successfully stopped SparkContext
25/11/11 08:59:34 INFO ShutdownHookManager: Shutdown hook called
25/11/11 08:59:34 INFO ShutdownHookManager: Deleting directory /tmp/spark-3189bbf6-f104-4321-8674-92d13d42fa3e
25/11/11 08:59:34 INFO ShutdownHookManager: Deleting directory /tmp/spark-10b7bd6e-7f09-4aeb-8b18-48094863eafa
25/11/11 08:59:34 INFO ShutdownHookManager: Deleting directory /tmp/spark-10b7bd6e-7f09-4aeb-8b18-48094863eafa/pyspark-01528425-6917-40ea-85db-3181c9bfb678
